<?xml version="1.0" encoding="UTF-8"?>
<!-- Generated by org.testng.reporters.JUnitReportReporter -->
<testsuite skipped="0" hostname="ABHISHEK" name="com.crm.concast.orgTest.CreateOrgWithIndustNameTestNGTest" tests="1" failures="0" timestamp="26 Jan 2022 13:22:55 GMT" time="16.712" errors="0">
  <testcase name="createOrgWithIndutriesTest" time="16.712" classname="com.crm.concast.orgTest.CreateOrgWithIndustNameTestNGTest"/>
</testsuite> <!-- com.crm.concast.orgTest.CreateOrgWithIndustNameTestNGTest -->
