<?xml version="1.0" encoding="UTF-8"?>
<!-- Generated by org.testng.reporters.JUnitReportReporter -->
<testsuite skipped="0" hostname="ABHISHEK" name="com.crm.concast.orgTest.CreateOrgTest" tests="1" failures="0" timestamp="26 Jan 2022 18:31:15 GMT" time="25.708" errors="0">
  <testcase name="CreateOrgTest1" time="25.708" classname="com.crm.concast.orgTest.CreateOrgTest"/>
</testsuite> <!-- com.crm.concast.orgTest.CreateOrgTest -->
