<?xml version="1.0" encoding="UTF-8"?>
<!-- Generated by org.testng.reporters.JUnitReportReporter -->
<testsuite skipped="0" hostname="ABHISHEK" name="com.crm.comcast.ContactTest.CreateContactWithOrgTestNGTest" tests="1" failures="0" timestamp="26 Jan 2022 13:22:55 GMT" time="28.148" errors="0">
  <testcase name="CreateContactwithOrgTest" time="28.148" classname="com.crm.comcast.ContactTest.CreateContactWithOrgTestNGTest"/>
</testsuite> <!-- com.crm.comcast.ContactTest.CreateContactWithOrgTestNGTest -->
