<?xml version="1.0" encoding="UTF-8"?>
<!-- Generated by org.testng.reporters.JUnitReportReporter -->
<testsuite skipped="0" hostname="ABHISHEK" name="com.crm.comcast.ContactTest.CreateContactWithOrgTestNGTest" tests="1" failures="0" timestamp="2022-02-01T15:41:23 IST" time="27.237" errors="0">
  <testcase name="CreateContactwithOrgTest" time="27.237" classname="com.crm.comcast.ContactTest.CreateContactWithOrgTestNGTest"/>
  <system-out/>
</testsuite> <!-- com.crm.comcast.ContactTest.CreateContactWithOrgTestNGTest -->
