<?xml version="1.0" encoding="UTF-8"?>
<!-- Generated by org.testng.reporters.JUnitReportReporter -->
<testsuite skipped="0" hostname="ABHISHEK" name="com.crm.concast.orgTest.CreateOrgWithIndustNameTestNGTest" tests="1" failures="0" timestamp="2022-02-01T15:41:23 IST" time="17.427" errors="0">
  <testcase name="createOrgWithIndutriesTest" time="17.427" classname="com.crm.concast.orgTest.CreateOrgWithIndustNameTestNGTest"/>
  <system-out/>
</testsuite> <!-- com.crm.concast.orgTest.CreateOrgWithIndustNameTestNGTest -->
